\BOOKMARK [0][]{Doc-Start}{\376\377\000L\000i\000s\000t\000\040\000o\000f\000\040\000F\000i\000g\000u\000r\000e\000s}{}% 1
\BOOKMARK [0][]{Doc-Start}{\376\377\000L\000i\000s\000t\000\040\000o\000f\000\040\000T\000a\000b\000l\000e\000s}{}% 2
\BOOKMARK [0][]{Doc-Start}{\376\377\000A\000b\000s\000t\000r\000a\000c\000t}{}% 3
\BOOKMARK [0][]{Doc-Start}{\376\377\000G\000e\000n\000e\000r\000a\000l\000\040\000I\000n\000t\000r\000o\000d\000u\000c\000t\000i\000o\000n}{}% 4
\BOOKMARK [0][]{chapter.1}{\376\377\000I\000\040\000P\000r\000o\000j\000e\000c\000t\000\040\000C\000o\000n\000t\000e\000x\000t\000\040\000a\000n\000d\000\040\000S\000c\000o\000p\000e}{}% 5
\BOOKMARK [1][]{section.1.1}{\376\377\0001\000\040\000P\000r\000e\000s\000e\000n\000t\000a\000t\000i\000o\000n\000\040\000o\000f\000\040\000T\000h\000e\000\040\000H\000o\000s\000t\000\040\000C\000o\000m\000p\000a\000n\000y}{chapter.1}% 6
\BOOKMARK [1][]{section.1.2}{\376\377\0002\000\040\000D\000e\000t\000e\000c\000t\000o\000r\000'\000s\000\040\000G\000r\000o\000u\000p\000\040\000P\000r\000e\000s\000e\000n\000t\000a\000t\000i\000o\000n\000\040\000a\000n\000d\000\040\000W\000o\000r\000k}{chapter.1}% 7
\BOOKMARK [1][]{section.1.3}{\376\377\0003\000\040\000P\000r\000o\000b\000l\000e\000m\000\040\000S\000t\000a\000t\000e\000m\000e\000n\000t}{chapter.1}% 8
\BOOKMARK [1][]{section.1.4}{\376\377\0004\000\040\000P\000r\000o\000j\000e\000c\000t\000\040\000G\000o\000a\000l\000s}{chapter.1}% 9
\BOOKMARK [1][]{section.1.5}{\376\377\0005\000\040\000W\000o\000r\000k\000\040\000M\000e\000t\000h\000o\000d\000o\000l\000o\000g\000y}{chapter.1}% 10
\BOOKMARK [1][]{section.1.6}{\376\377\0006\000\040\000H\000i\000g\000h\000\040\000L\000e\000v\000e\000l\000\040\000P\000l\000a\000n\000n\000i\000n\000g}{chapter.1}% 11
\BOOKMARK [0][]{chapter.2}{\376\377\000I\000I\000\040\000R\000e\000q\000u\000i\000r\000e\000m\000e\000n\000t\000\040\000S\000p\000e\000c\000i\000f\000i\000c\000a\000t\000i\000o\000n\000\040\000a\000n\000d\000\040\000O\000v\000e\000r\000a\000l\000l\000\040\000A\000r\000c\000h\000i\000t\000e\000c\000t\000u\000r\000e}{}% 12
\BOOKMARK [1][]{section.2.1}{\376\377\0001\000\040\000R\000e\000q\000u\000i\000r\000e\000m\000e\000n\000t\000\040\000S\000p\000e\000c\000i\000f\000i\000c\000a\000t\000i\000o\000n}{chapter.2}% 13
\BOOKMARK [2][]{subsection.2.1.1}{\376\377\0001\000.\0001\000\040\000A\000c\000t\000o\000r\000s\000\040\000I\000d\000e\000n\000t\000i\000f\000i\000c\000a\000t\000i\000o\000n}{section.2.1}% 14
\BOOKMARK [2][]{subsection.2.1.2}{\376\377\0001\000.\0002\000\040\000F\000u\000n\000c\000t\000i\000o\000n\000a\000l\000\040\000S\000p\000e\000c\000i\000f\000i\000c\000a\000t\000i\000o\000n}{section.2.1}% 15
\BOOKMARK [2][]{subsection.2.1.3}{\376\377\0001\000.\0003\000\040\000N\000o\000n\000-\000F\000u\000n\000c\000t\000i\000o\000n\000a\000l\000\040\000S\000p\000e\000c\000i\000f\000i\000c\000a\000t\000i\000o\000n}{section.2.1}% 16
\BOOKMARK [1][]{section.2.2}{\376\377\0002\000\040\000O\000v\000e\000r\000a\000l\000l\000\040\000A\000r\000c\000h\000i\000t\000e\000c\000t\000u\000r\000e\000\040\000a\000n\000d\000\040\000G\000u\000i\000d\000e\000l\000i\000n\000e\000s}{chapter.2}% 17
\BOOKMARK [2][]{subsection.2.2.1}{\376\377\0002\000.\0001\000\040\000O\000n\000i\000o\000n\000\040\000A\000r\000c\000h\000i\000t\000e\000c\000t\000u\000r\000e}{section.2.2}% 18
\BOOKMARK [2][]{subsection.2.2.2}{\376\377\0002\000.\0002\000\040\000S\000O\000L\000I\000D\000\040\000P\000r\000i\000n\000c\000i\000p\000l\000e\000s}{section.2.2}% 19
\BOOKMARK [2][]{subsection.2.2.3}{\376\377\0002\000.\0003\000\040\000C\000+\000+\000\040\000S\000p\000e\000c\000i\000f\000i\000c\000\040\000D\000e\000s\000i\000g\000n}{section.2.2}% 20
\BOOKMARK [3][]{subsubsection.2.2.3.1}{\376\377\0002\000.\0003\000.\0001\000\040\000T\000e\000m\000p\000l\000a\000t\000e\000s\000\040\000M\000e\000t\000a\000p\000r\000o\000g\000r\000a\000m\000m\000i\000n\000g}{subsection.2.2.3}% 21
\BOOKMARK [3][]{subsubsection.2.2.3.2}{\376\377\0002\000.\0003\000.\0002\000\040\000C\000+\000+\000\040\000I\000d\000i\000o\000m\000s}{subsection.2.2.3}% 22
\BOOKMARK [3][]{subsubsection.2.2.3.3}{\376\377\0002\000.\0003\000.\0003\000\040\000C\000+\000+\000\040\000L\000i\000m\000i\000t\000a\000t\000i\000o\000n\000s}{subsection.2.2.3}% 23
\BOOKMARK [2][]{subsection.2.2.4}{\376\377\0002\000.\0004\000\040\000P\000r\000o\000j\000e\000c\000t\000\040\000A\000r\000c\000h\000i\000t\000e\000c\000t\000u\000r\000a\000l\000\040\000D\000e\000s\000i\000g\000n}{section.2.2}% 24
\BOOKMARK [3][]{subsubsection.2.2.4.1}{\376\377\0002\000.\0004\000.\0001\000\040\000P\000r\000o\000j\000e\000c\000t\000\040\000M\000o\000d\000u\000l\000e\000s}{subsection.2.2.4}% 25
\BOOKMARK [3][]{subsubsection.2.2.4.2}{\376\377\0002\000.\0004\000.\0002\000\040\000P\000r\000o\000j\000e\000c\000t\000\040\000A\000r\000c\000h\000i\000t\000e\000c\000t\000u\000r\000e}{subsection.2.2.4}% 26
\BOOKMARK [3][]{subsubsection.2.2.4.3}{\376\377\0002\000.\0004\000.\0003\000\040\000C\000l\000a\000s\000s\000\040\000D\000i\000a\000g\000r\000a\000m}{subsection.2.2.4}% 27
\BOOKMARK [0][]{chapter.3}{\376\377\000I\000I\000I\000\040\000I\000m\000p\000l\000e\000m\000e\000n\000t\000a\000t\000i\000o\000n\000\040\000o\000f\000\040\000a\000\040\000F\000l\000e\000x\000i\000b\000l\000e\000\040\000D\000a\000t\000a\000\040\000A\000n\000a\000l\000y\000s\000i\000s\000\040\000L\000i\000b\000r\000a\000r\000y\000\040\000f\000o\000r\000\040\000H\000y\000b\000r\000i\000d\000\040\000X\000-\000r\000a\000y\000\040\000P\000a\000r\000t\000i\000c\000l\000e\000\040\000D\000e\000t\000e\000c\000t\000o\000r\000s\000\040}{}% 28
\BOOKMARK [1][]{section.3.1}{\376\377\0001\000\040\000P\000r\000o\000j\000e\000c\000t\000\040\000S\000e\000t\000u\000p}{chapter.3}% 29
\BOOKMARK [2][]{subsection.3.1.1}{\376\377\0001\000.\0001\000\040\000P\000r\000o\000j\000e\000c\000t\000\040\000S\000t\000r\000u\000c\000t\000u\000r\000e}{section.3.1}% 30
\BOOKMARK [2][]{subsection.3.1.2}{\376\377\0001\000.\0002\000\040\000B\000u\000i\000l\000d\000\040\000S\000y\000s\000t\000e\000m}{section.3.1}% 31
\BOOKMARK [2][]{subsection.3.1.3}{\376\377\0001\000.\0003\000\040\000T\000e\000s\000t\000i\000n\000g\000\040\000a\000n\000d\000\040\000C\000o\000n\000t\000i\000n\000u\000o\000u\000s\000\040\000I\000n\000t\000e\000g\000r\000a\000t\000i\000o\000n}{section.3.1}% 32
\BOOKMARK [1][]{section.3.2}{\376\377\0002\000\040\000C\000o\000r\000e\000\040\000M\000o\000d\000u\000l\000e\000\040\000I\000m\000p\000l\000e\000m\000e\000n\000t\000a\000t\000i\000o\000n}{chapter.3}% 33
\BOOKMARK [1][]{section.3.3}{\376\377\0003\000\040\000F\000i\000l\000e\000\040\000I\000O\000\040\000M\000o\000d\000u\000l\000e\000\040\000I\000m\000p\000l\000e\000m\000e\000n\000t\000a\000t\000i\000o\000n}{chapter.3}% 34
\BOOKMARK [1][]{section.3.4}{\376\377\0004\000\040\000N\000e\000t\000w\000o\000r\000k\000\040\000I\000O\000\040\000M\000o\000d\000u\000l\000e\000\040\000I\000m\000p\000l\000e\000m\000e\000n\000t\000a\000t\000i\000o\000n}{chapter.3}% 35
\BOOKMARK [1][]{section.3.5}{\376\377\0005\000\040\000P\000r\000o\000c\000e\000s\000s\000i\000n\000g\000\040\000M\000o\000d\000u\000l\000e\000\040\000I\000m\000p\000l\000e\000m\000e\000n\000t\000a\000t\000i\000o\000n}{chapter.3}% 36
\BOOKMARK [1][]{section.3.6}{\376\377\0006\000\040\000P\000y\000t\000h\000o\000n\000\040\000B\000i\000n\000d\000i\000n\000g\000s\000\040\000I\000m\000p\000l\000e\000m\000e\000n\000t\000a\000t\000i\000o\000n}{chapter.3}% 37
\BOOKMARK [0][]{chapter.4}{\376\377\000I\000V\000\040\000L\000i\000b\000r\000a\000r\000y\000\040\000A\000p\000p\000l\000i\000c\000a\000t\000i\000o\000n\000s\000\040\000a\000n\000d\000\040\000E\000v\000a\000l\000u\000a\000t\000i\000o\000n}{}% 38
\BOOKMARK [1][]{section.4.1}{\376\377\0001\000\040\000E\000x\000a\000m\000p\000l\000e\000s\000\040\000o\000f\000\040\000L\000i\000b\000r\000a\000r\000y\000\040\000A\000p\000p\000l\000i\000c\000a\000t\000i\000o\000n\000s}{chapter.4}% 39
\BOOKMARK [1][]{section.4.2}{\376\377\0002\000\040\000P\000a\000r\000a\000l\000l\000e\000l\000i\000z\000a\000t\000i\000o\000n\000\040\000a\000n\000d\000\040\000M\000u\000l\000t\000i\000-\000t\000h\000r\000e\000a\000d\000i\000n\000g}{chapter.4}% 40
\BOOKMARK [1][]{section.4.3}{\376\377\0003\000\040\000P\000e\000r\000f\000o\000r\000m\000a\000n\000c\000e\000\040\000E\000v\000a\000l\000u\000a\000t\000i\000o\000n}{chapter.4}% 41
\BOOKMARK [0][]{chapter*.9}{\376\377\000C\000o\000n\000c\000l\000u\000s\000i\000o\000n\000\040\000a\000n\000d\000\040\000P\000e\000r\000s\000p\000e\000c\000t\000i\000v\000e\000s}{}% 42
\BOOKMARK [0][]{chapter*.10}{\376\377\000A\000p\000p\000e\000n\000d\000i\000x\000\040\000:\000\040\000M\000i\000s\000c\000e\000l\000l\000a\000n\000e\000o\000u\000s\000\040\000r\000e\000m\000a\000r\000k\000s}{}% 43
