INFO:  latexindent version 3.23.6, 2024-01-17, a script to indent .tex files
       latexindent lives here: /usr/share/texmf-dist/scripts/latexindent/
       Thu Aug 29 19:32:20 2024
       Filename: /home/bb/pfe/pfe/Chapitre2/__latexindent_temp_chapitre2.tex
INFO:  Processing switches:
       -y|--yaml: YAML settings specified via command line
       -c|--cruft: cruft directory
INFO:  Directory for backup files and /home/bb/pfe/pfe/page de garde verso//indent.log:
       /home/bb/pfe/pfe/page de garde verso/
INFO:  YAML settings read: defaultSettings.yaml
       Reading defaultSettings.yaml from /usr/share/texmf-dist/scripts/latexindent/defaultSettings.yaml
INFO:  YAML reading settings
       Home directory is /home/bb
       latexindent.pl didn't find indentconfig.yaml or .indentconfig.yaml
       see all possible locations: https://latexindentpl.readthedocs.io/en/latest/sec-appendices.html#indentconfig-options)
INFO:  YAML settings read: -y switch
       YAML setting: defaultIndent:'    '
       single-quoted string found in -y switch: '    ', substitute to     
       Updating mainSettings with defaultIndent:     
FATAL I couldn't find /home/bb/pfe/pfe/Chapitre2/__latexindent_temp_chapitre2.tex, are you sure it exists?
      Exiting, no indentation done.
       --------------
INFO:  Please direct all communication/issues to:
        https://github.com/cmhughes/latexindent.pl
