This is pdfTeX, Version 3.141592653-2.6-1.40.26 (TeX Live 2024/Arch Linux) (preloaded format=pdflatex 2024.9.12)  12 SEP 2024 10:49
entering extended mode
 restricted \write18 enabled.
 file:line:error style messages enabled.
 %&-line parsing enabled.
**"/home/bb/pfe/pfe/page de garde verso/PageGardeVerso.tex"
(/home/bb/pfe/pfe/page de garde verso/PageGardeVerso.tex
LaTeX2e <2023-11-01> patch level 1
L3 programming layer <2024-02-20>

! LaTeX Error: File `Classes/aesm_edspia.cls' not found.

Type X to quit or <RETURN> to proceed,
or enter new name. (Default extension: cls)

Enter file name: 
/home/bb/pfe/pfe/page de garde verso/PageGardeVerso.tex:2: Emergency stop.
<read *> 
         
l.2 \usepackage
               [utf8]{inputenc}^^M
*** (cannot \read from terminal in nonstop modes)

 
Here is how much of TeX's memory you used:
 22 strings out of 476038
 641 string characters out of 5792358
 1925187 words of memory out of 5000000
 22242 multiletter control sequences out of 15000+600000
 558069 words of font info for 36 fonts, out of 8000000 for 9000
 14 hyphenation exceptions out of 8191
 19i,0n,29p,138b,17s stack positions out of 10000i,1000n,20000p,200000b,200000s
/home/bb/pfe/pfe/page de garde verso/PageGardeVerso.tex:2:  ==> Fatal error occurred, no output PDF file produced!
